1714129197370:t
1714129201984:e
1714129211289:l Any
1714129240725:l "Any"
1714129243260:l
1714129361281:login
1714129381822:e
1714129383835:l
1714129385331:e
1714129408220:l
1714129408963:e
1714129426775:exit
1714745245031:bins newBook 1 1,6
1714781950859:ag
1714781968509:ag stacktrace
1714781974334:stacktrace
1714782026581:ag
1714782039238:stacktrace
1714782316430:ag
1714782321367:ag stacktrace
1714782328611:stacktrace
1714782358849:ag
1714782363135:stacktrace
1714782426455:ag
1714993874860:aa
1714994132636:ab
1714994156577:ag
1714994193921:stacktrace
1714995649486:aa
1714995651242:ag
1714995653458:ab
1714995873756:ag
1714995879051:stacktrace
1714997472874:ab
1714998255931:h2
1714998386633:ab
1714998453365:h2
1714998462877:ab
1714999483587:ag
1715005896319:фп
1715005898892:ag
1715005899803:ab
1715005915411:bbid 1
1715006345452:bins "Записки примата" 3 3
1715006355471:bins Записи 3 3
1715006360421:stacktrace
1715006671247:bins "Записки примата" 3 3
1715007714062:bins newBook 1 1
1715008648760:bdel 3
1715008673622:bdel 2
1715359795973:ab
1715791758913:aa
1715791810941:stacktrace
1715791831557:aa
1715796848351:ab
1715797012213:aa
1715798677094:ab
1715798685137:stacktrace
1715798778656:bbid 1
1715798786074:stacktrace
1715798832006:bins "Записки примата" 3 3
1715798962802:bupd 4 "Писки примата" 3 3
1715799141738:bupd 4 "Записи примата" 3 3
1715799223987:bdel 4
1715890476810:ab
1715890569013:bbid 1
1715897476362:ab
1715898113520:иф
1715898114837:ba
1715898117724:ab
1715910321812:ic 1
1715910345626:ac
1715910355235:ac 2
1715910457700:ac
1715910460274:ac 1
1715910910764:ic 1
1715910917237:stacktrace
1715911097606:ic 1
1715911476331:stacktace
1715911481898:stacktrace
1715912268834:ic 1
1715912284867:ac 1
1715912342971:ic 3
1715912359367:ic 2
1715912417595:шс 1
1715912419871:ic 1
1715912532491:ic 2
1715912553718:ab
1715921920898:stacktrace
1715922007656:ic 1
1715922017561:ac 1
1715922085950:stacktrace
1715922205501:ic 1
1715922869766:ac 1
1715924100099:aa
1715924672552:bins "Записки примата" 1 1
1715925274264:bins "Записки примата" 3 3
1715925301505:bupd 4 "Записи примата" 3 3
1715925804374:ic 1
1715925817180:ac 1
1715957519555:aa
1715957529181:ab
1715957544033:bins "Записи примата" 3 3
1715957558540:bupd 4 "Записки примата"
1715957576788:bupd 4 "Записи примата" 3 3
1715957583993:bdel 4
1715957600813:ac 3
1715957611156:ic 1
